TN:
SF:src\Pages\Home\index.tsx
FN:3,Home
FN:7,addToList
FN:14,removeFromList
FN:27,onChange
FN:36,onClick
FNF:5
FNH:5
FNDA:11,Home
FNDA:1,addToList
FNDA:1,removeFromList
FNDA:6,onChange
FNDA:1,onClick
DA:1,1
DA:2,1
DA:3,1
DA:4,11
DA:5,11
DA:6,11
DA:7,11
DA:8,1
DA:9,1
DA:10,1
DA:11,1
DA:12,1
DA:13,11
DA:14,11
DA:15,1
DA:16,1
DA:17,1
DA:18,1
DA:19,1
DA:20,11
DA:21,11
DA:22,11
DA:23,11
DA:24,11
DA:25,11
DA:26,11
DA:27,11
DA:28,11
DA:29,11
DA:30,11
DA:31,11
DA:32,11
DA:33,11
DA:34,22
DA:35,11
DA:36,11
DA:37,11
DA:38,11
DA:39,11
DA:40,11
DA:41,11
DA:42,11
DA:43,11
DA:44,11
LF:44
LH:44
BRDA:3,0,0,11
BRDA:7,1,0,1
BRDA:8,2,0,1
BRDA:9,3,0,1
BRDA:14,4,0,1
BRDA:15,5,0,1
BRDA:16,6,0,1
BRDA:16,7,0,2
BRDA:27,8,0,6
BRDA:33,9,0,22
BRDA:36,10,0,1
BRF:11
BRH:11
end_of_record
